<?xml version="1.0" encoding="utf-8" standalone="no"?>
<test-results xmlns:xsi="http://www.w3.org/2001/XMLSchema-instance" xsi:noNamespaceSchemaLocation="nunit_schema_2.5.xsd" name="Pester" total="38" errors="0" failures="0" not-run="0" inconclusive="0" ignored="0" skipped="2" invalid="0" date="2024-04-28" time="16:38:05">
  <environment clr-version="8.0.4" platform="Microsoft Windows 11 Pro|C:\WINDOWS|\Device\Harddisk0\Partition3" os-version="10.0.26100" machine-name="DESKTOP" user-domain="DESKTOP" user="emrys" cwd="C:\Git\ErrorRecord\tests" nunit-version="2.5.8.0" />
  <culture-info current-culture="en-US" current-uiculture="en-US" />
  <test-suite type="TestFixture" name="Pester" executed="True" result="Ignored" success="True" time="0.4018" asserts="0" description="Pester">
    <results>
      <test-suite type="TestFixture" name="C:\Git\ErrorRecord\tests\Help.tests.ps1" executed="True" result="Success" success="True" time="0.1748" asserts="0" description="C:\Git\ErrorRecord\tests\Help.tests.ps1">
        <results>
          <test-suite type="TestFixture" name="Test help for New-ErrorRecord" executed="True" result="Success" success="True" time="0.1094" asserts="0" description="Test help for New-ErrorRecord">
            <results>
              <test-suite type="TestFixture" name="Test help for New-ErrorRecord.Parameter Category" executed="True" result="Success" success="True" time="0.0319" asserts="0" description="Test help for New-ErrorRecord.Parameter Category">
                <results>
                  <test-case description="Has description" name="Test help for New-ErrorRecord.Parameter Category.Has description" time="0.0025" asserts="0" success="True" result="Success" executed="True" />
                  <test-case description="Has correct [mandatory] value" name="Test help for New-ErrorRecord.Parameter Category.Has correct [mandatory] value" time="0.0028" asserts="0" success="True" result="Success" executed="True" />
                  <test-case description="Has correct parameter type" name="Test help for New-ErrorRecord.Parameter Category.Has correct parameter type" time="0.0098" asserts="0" success="True" result="Success" executed="True" />
                </results>
              </test-suite>
              <test-suite type="TestFixture" name="Test help for New-ErrorRecord.Parameter ErrorID" executed="True" result="Success" success="True" time="0.0456" asserts="0" description="Test help for New-ErrorRecord.Parameter ErrorID">
                <results>
                  <test-case description="Has description" name="Test help for New-ErrorRecord.Parameter ErrorID.Has description" time="0.0025" asserts="0" success="True" result="Success" executed="True" />
                  <test-case description="Has correct [mandatory] value" name="Test help for New-ErrorRecord.Parameter ErrorID.Has correct [mandatory] value" time="0.0018" asserts="0" success="True" result="Success" executed="True" />
                  <test-case description="Has correct parameter type" name="Test help for New-ErrorRecord.Parameter ErrorID.Has correct parameter type" time="0.0065" asserts="0" success="True" result="Success" executed="True" />
                </results>
              </test-suite>
              <test-suite type="TestFixture" name="Test help for New-ErrorRecord.Parameter Exception" executed="True" result="Success" success="True" time="0.0559" asserts="0" description="Test help for New-ErrorRecord.Parameter Exception">
                <results>
                  <test-case description="Has description" name="Test help for New-ErrorRecord.Parameter Exception.Has description" time="0.0026" asserts="0" success="True" result="Success" executed="True" />
                  <test-case description="Has correct [mandatory] value" name="Test help for New-ErrorRecord.Parameter Exception.Has correct [mandatory] value" time="0.0022" asserts="0" success="True" result="Success" executed="True" />
                  <test-case description="Has correct parameter type" name="Test help for New-ErrorRecord.Parameter Exception.Has correct parameter type" time="0.0024" asserts="0" success="True" result="Success" executed="True" />
                </results>
              </test-suite>
              <test-suite type="TestFixture" name="Test help for New-ErrorRecord.Parameter InnerException" executed="True" result="Success" success="True" time="0.0658" asserts="0" description="Test help for New-ErrorRecord.Parameter InnerException">
                <results>
                  <test-case description="Has description" name="Test help for New-ErrorRecord.Parameter InnerException.Has description" time="0.0029" asserts="0" success="True" result="Success" executed="True" />
                  <test-case description="Has correct [mandatory] value" name="Test help for New-ErrorRecord.Parameter InnerException.Has correct [mandatory] value" time="0.0023" asserts="0" success="True" result="Success" executed="True" />
                  <test-case description="Has correct parameter type" name="Test help for New-ErrorRecord.Parameter InnerException.Has correct parameter type" time="0.0018" asserts="0" success="True" result="Success" executed="True" />
                </results>
              </test-suite>
              <test-suite type="TestFixture" name="Test help for New-ErrorRecord.Parameter Message" executed="True" result="Success" success="True" time="0.0767" asserts="0" description="Test help for New-ErrorRecord.Parameter Message">
                <results>
                  <test-case description="Has description" name="Test help for New-ErrorRecord.Parameter Message.Has description" time="0.0031" asserts="0" success="True" result="Success" executed="True" />
                  <test-case description="Has correct [mandatory] value" name="Test help for New-ErrorRecord.Parameter Message.Has correct [mandatory] value" time="0.0023" asserts="0" success="True" result="Success" executed="True" />
                  <test-case description="Has correct parameter type" name="Test help for New-ErrorRecord.Parameter Message.Has correct parameter type" time="0.0025" asserts="0" success="True" result="Success" executed="True" />
                </results>
              </test-suite>
              <test-suite type="TestFixture" name="Test help for New-ErrorRecord.Parameter RecommendedAction" executed="True" result="Success" success="True" time="0.0876" asserts="0" description="Test help for New-ErrorRecord.Parameter RecommendedAction">
                <results>
                  <test-case description="Has description" name="Test help for New-ErrorRecord.Parameter RecommendedAction.Has description" time="0.0029" asserts="0" success="True" result="Success" executed="True" />
                  <test-case description="Has correct [mandatory] value" name="Test help for New-ErrorRecord.Parameter RecommendedAction.Has correct [mandatory] value" time="0.0023" asserts="0" success="True" result="Success" executed="True" />
                  <test-case description="Has correct parameter type" name="Test help for New-ErrorRecord.Parameter RecommendedAction.Has correct parameter type" time="0.0025" asserts="0" success="True" result="Success" executed="True" />
                </results>
              </test-suite>
              <test-suite type="TestFixture" name="Test help for New-ErrorRecord.Parameter TargetObject" executed="True" result="Success" success="True" time="0.1021" asserts="0" description="Test help for New-ErrorRecord.Parameter TargetObject">
                <results>
                  <test-case description="Has description" name="Test help for New-ErrorRecord.Parameter TargetObject.Has description" time="0.003" asserts="0" success="True" result="Success" executed="True" />
                  <test-case description="Has correct [mandatory] value" name="Test help for New-ErrorRecord.Parameter TargetObject.Has correct [mandatory] value" time="0.0024" asserts="0" success="True" result="Success" executed="True" />
                  <test-case description="Has correct parameter type" name="Test help for New-ErrorRecord.Parameter TargetObject.Has correct parameter type" time="0.0054" asserts="0" success="True" result="Success" executed="True" />
                </results>
              </test-suite>
              <test-case description="Help is not auto-generated" name="Test help for New-ErrorRecord.Help is not auto-generated" time="0.0036" asserts="0" success="True" result="Success" executed="True" />
              <test-case description="Has description" name="Test help for New-ErrorRecord.Has description" time="0.0046" asserts="0" success="True" result="Success" executed="True" />
              <test-case description="Has example code" name="Test help for New-ErrorRecord.Has example code" time="0.0029" asserts="0" success="True" result="Success" executed="True" />
              <test-case description="Has example help" name="Test help for New-ErrorRecord.Has example help" time="0.0023" asserts="0" success="True" result="Success" executed="True" />
            </results>
          </test-suite>
        </results>
      </test-suite>
      <test-suite type="TestFixture" name="C:\Git\ErrorRecord\tests\Manifest.tests.ps1" executed="True" result="Ignored" success="True" time="0.1392" asserts="0" description="C:\Git\ErrorRecord\tests\Manifest.tests.ps1">
        <results>
          <test-suite type="TestFixture" name="Module manifest" executed="True" result="Success" success="True" time="0.0475" asserts="0" description="Module manifest">
            <results>
              <test-suite type="TestFixture" name="Module manifest.Validation" executed="True" result="Success" success="True" time="0.0451" asserts="0" description="Module manifest.Validation">
                <results>
                  <test-case description="Has a valid manifest" name="Module manifest.Validation.Has a valid manifest" time="0.0053" asserts="0" success="True" result="Success" executed="True" />
                  <test-case description="Has a valid name in the manifest" name="Module manifest.Validation.Has a valid name in the manifest" time="0.0035" asserts="0" success="True" result="Success" executed="True" />
                  <test-case description="Has a valid root module" name="Module manifest.Validation.Has a valid root module" time="0.0028" asserts="0" success="True" result="Success" executed="True" />
                  <test-case description="Has a valid version in the manifest" name="Module manifest.Validation.Has a valid version in the manifest" time="0.0036" asserts="0" success="True" result="Success" executed="True" />
                  <test-case description="Has a valid description" name="Module manifest.Validation.Has a valid description" time="0.003" asserts="0" success="True" result="Success" executed="True" />
                  <test-case description="Has a valid author" name="Module manifest.Validation.Has a valid author" time="0.0028" asserts="0" success="True" result="Success" executed="True" />
                  <test-case description="Has a valid guid" name="Module manifest.Validation.Has a valid guid" time="0.0055" asserts="0" success="True" result="Success" executed="True" />
                  <test-case description="Has a valid copyright" name="Module manifest.Validation.Has a valid copyright" time="0.0024" asserts="0" success="True" result="Success" executed="True" />
                  <test-case description="Has a valid version in the changelog" name="Module manifest.Validation.Has a valid version in the changelog" time="0.0128" asserts="0" success="True" result="Success" executed="True" />
                </results>
              </test-suite>
            </results>
          </test-suite>
          <test-suite type="TestFixture" name="Git tagging" executed="True" result="Ignored" success="True" time="0.0527" asserts="0" description="Git tagging">
            <results>
              <test-case description="Is tagged with a valid version" name="Git tagging.Is tagged with a valid version" time="0.0021" asserts="0" success="False" result="Ignored" executed="False" />
              <test-case description="Matches manifest version" name="Git tagging.Matches manifest version" time="0.001" asserts="0" success="False" result="Ignored" executed="False" />
            </results>
          </test-suite>
        </results>
      </test-suite>
      <test-suite type="TestFixture" name="C:\Git\ErrorRecord\tests\Meta.tests.ps1" executed="True" result="Success" success="True" time="0.0878" asserts="0" description="C:\Git\ErrorRecord\tests\Meta.tests.ps1">
        <results>
          <test-suite type="TestFixture" name="Text files formatting" executed="True" result="Success" success="True" time="0.0148" asserts="0" description="Text files formatting">
            <results>
              <test-suite type="TestFixture" name="Text files formatting.File encoding" executed="True" result="Success" success="True" time="0.0061" asserts="0" description="Text files formatting.File encoding">
                <results>
                  <test-case description="No text file uses Unicode/UTF-16 encoding" name="Text files formatting.File encoding.No text file uses Unicode/UTF-16 encoding" time="0.0036" asserts="0" success="True" result="Success" executed="True" />
                </results>
              </test-suite>
              <test-suite type="TestFixture" name="Text files formatting.Indentations" executed="True" result="Success" success="True" time="0.0122" asserts="0" description="Text files formatting.Indentations">
                <results>
                  <test-case description="No text file use tabs for indentations" name="Text files formatting.Indentations.No text file use tabs for indentations" time="0.0035" asserts="0" success="True" result="Success" executed="True" />
                </results>
              </test-suite>
            </results>
          </test-suite>
        </results>
      </test-suite>
    </results>
  </test-suite>
</test-results>